Using pre-set license
Built from '2020.2/release' branch; Version is '2020.2.4f1 (becced5a802b) revision 12504301'; Using compiler version '192528614'; Build Type 'Release'
OS: 'Windows 10 Home; OS build 19043.1165; Version 2009; 64bit' Language: 'en' Physical Memory: 16263 MB
BatchMode: 1, IsHumanControllingUs: 0, StartBugReporterOnCrash: 0, Is64bit: 1, IsPro: 0

 COMMAND LINE ARGUMENTS:
C:\Program Files\Unity\Hub\Editor\2020.2.4f1\Editor\Unity.exe
-adb2
-batchMode
-noUpm
-name
AssetImportWorker0
-projectPath
C:/Users/nagar/Desktop/UTS Academics/4th Semester/Game Development/Lab Week 4 - Activity/Lab Week 4 - Activity
-logFile
Logs/AssetImportWorker0.log
-srvPort
62305
Successfully changed project path to: C:/Users/nagar/Desktop/UTS Academics/4th Semester/Game Development/Lab Week 4 - Activity/Lab Week 4 - Activity
C:/Users/nagar/Desktop/UTS Academics/4th Semester/Game Development/Lab Week 4 - Activity/Lab Week 4 - Activity
Using Asset Import Pipeline V2.
Refreshing native plugins compatible for Editor in 25.04 ms, found 0 plugins.
Preloading 0 native plugins for Editor in 0.00 ms.
Initialize engine version: 2020.2.4f1 (becced5a802b)
[Subsystems] Discovering subsystems at path C:/Program Files/Unity/Hub/Editor/2020.2.4f1/Editor/Data/Resources/UnitySubsystems
[Subsystems] Discovering subsystems at path C:/Users/nagar/Desktop/UTS Academics/4th Semester/Game Development/Lab Week 4 - Activity/Lab Week 4 - Activity/Assets
GfxDevice: creating device client; threaded=0
Direct3D:
    Version:  Direct3D 11.0 [level 11.1]
    Renderer: NVIDIA GeForce GTX 1650 (ID=0x1f91)
    Vendor:   
    VRAM:     3962 MB
    Driver:   27.21.14.6275
Initialize mono
Mono path[0] = 'C:/Program Files/Unity/Hub/Editor/2020.2.4f1/Editor/Data/Managed'
Mono path[1] = 'C:/Program Files/Unity/Hub/Editor/2020.2.4f1/Editor/Data/MonoBleedingEdge/lib/mono/unityjit'
Mono config path = 'C:/Program Files/Unity/Hub/Editor/2020.2.4f1/Editor/Data/MonoBleedingEdge/etc'
Using monoOptions --debugger-agent=transport=dt_socket,embedding=1,server=y,suspend=n,address=127.0.0.1:56464
Begin MonoManager ReloadAssembly
Registering precompiled unity dll's ...
Register platform support module: C:/Program Files/Unity/Hub/Editor/2020.2.4f1/Editor/Data/PlaybackEngines/WindowsStandaloneSupport/UnityEditor.WindowsStandalone.Extensions.dll
Registered in 0.002331 seconds.
Native extension for WindowsStandalone target not found
Refreshing native plugins compatible for Editor in 31.12 ms, found 0 plugins.
Preloading 0 native plugins for Editor in 0.00 ms.
Invoked RoslynAnalysisRunner static constructor.
RoslynAnalysisRunner will not be running.
RoslynAnalysisRunner has terminated.
Mono: successfully reloaded assembly
- Completed reload, in  2.632 seconds
Platform modules already initialized, skipping
Registering precompiled user dll's ...
Registered in 0.001012 seconds.
Begin MonoManager ReloadAssembly
Native extension for WindowsStandalone target not found
Refreshing native plugins compatible for Editor in 0.23 ms, found 0 plugins.
Preloading 0 native plugins for Editor in 0.00 ms.
Invoked RoslynAnalysisRunner static constructor.
RoslynAnalysisRunner will not be running.
RoslynAnalysisRunner has terminated.
Mono: successfully reloaded assembly
- Completed reload, in  1.090 seconds
Platform modules already initialized, skipping
========================================================================
Worker process is ready to serve import requests
Launched and connected shader compiler UnityShaderCompiler.exe after 0.08 seconds
Refreshing native plugins compatible for Editor in 0.29 ms, found 0 plugins.
Preloading 0 native plugins for Editor in 0.00 ms.
Unloading 1081 Unused Serialized files (Serialized files now loaded: 0)
System memory in use before: 56.4 MB.
System memory in use after: 56.5 MB.

Unloading 9 unused Assets to reduce memory usage. Loaded Objects now: 1523.
Total: 2.021200 ms (FindLiveObjects: 0.152700 ms CreateObjectMapping: 0.055600 ms MarkObjects: 1.713100 ms  DeleteObjects: 0.098800 ms)

========================================================================
Received Import Request.
  path: ProjectSettings/TagManager.asset
  artifactKey: Guid(00000000000000003000000000000000) Importer(815301076,1909f56bfc062723c751e8b465ee728b)
Start importing ProjectSettings/TagManager.asset using Guid(00000000000000003000000000000000) Importer(815301076,1909f56bfc062723c751e8b465ee728b)  -> (artifact id: 'd7fc6db537de490c66388a0e179d6586') in 0.061429 seconds
  Import took 0.063968 seconds .

========================================================================
Received Import Request.
  Time since last request: 105.020159 seconds.
  path: Assets/RedPrefab.prefab
  artifactKey: Guid(d42136eaf1caeff4984c46c2e8b6f7d3) Importer(815301076,1909f56bfc062723c751e8b465ee728b)
Start importing Assets/RedPrefab.prefab using Guid(d42136eaf1caeff4984c46c2e8b6f7d3) Importer(815301076,1909f56bfc062723c751e8b465ee728b)  -> (artifact id: '6651e2b17983a4855925eecbd819477d') in 0.086557 seconds
  Import took 0.089513 seconds .

========================================================================
Received Import Request.
  Time since last request: 21.286705 seconds.
  path: Assets/BluePrefab.prefab
  artifactKey: Guid(89f13005edbe7dd48a1ac9ae735fa087) Importer(815301076,1909f56bfc062723c751e8b465ee728b)
Start importing Assets/BluePrefab.prefab using Guid(89f13005edbe7dd48a1ac9ae735fa087) Importer(815301076,1909f56bfc062723c751e8b465ee728b)  -> (artifact id: '9647b74bbf82023b6f3fa75606b8f228') in 0.014339 seconds
  Import took 0.016871 seconds .

========================================================================
Received Prepare
Registering precompiled user dll's ...
Registered in 0.002622 seconds.
Begin MonoManager ReloadAssembly
Native extension for WindowsStandalone target not found
Refreshing native plugins compatible for Editor in 0.18 ms, found 0 plugins.
Preloading 0 native plugins for Editor in 0.00 ms.
Invoked RoslynAnalysisRunner static constructor.
RoslynAnalysisRunner will not be running.
RoslynAnalysisRunner has terminated.
Mono: successfully reloaded assembly
- Completed reload, in  0.690 seconds
Platform modules already initialized, skipping
Refreshing native plugins compatible for Editor in 0.18 ms, found 0 plugins.
Preloading 0 native plugins for Editor in 0.00 ms.
Unloading 1075 Unused Serialized files (Serialized files now loaded: 0)
System memory in use before: 59.5 MB.
System memory in use after: 59.6 MB.

Unloading 5 unused Assets to reduce memory usage. Loaded Objects now: 1533.
Total: 1.494500 ms (FindLiveObjects: 0.111400 ms CreateObjectMapping: 0.028100 ms MarkObjects: 1.341600 ms  DeleteObjects: 0.012400 ms)

========================================================================
Received Prepare
Registering precompiled user dll's ...
Registered in 0.000562 seconds.
Begin MonoManager ReloadAssembly
Native extension for WindowsStandalone target not found
Refreshing native plugins compatible for Editor in 0.19 ms, found 0 plugins.
Preloading 0 native plugins for Editor in 0.00 ms.
Invoked RoslynAnalysisRunner static constructor.
RoslynAnalysisRunner will not be running.
RoslynAnalysisRunner has terminated.
Mono: successfully reloaded assembly
- Completed reload, in  0.700 seconds
Platform modules already initialized, skipping
Refreshing native plugins compatible for Editor in 0.19 ms, found 0 plugins.
Preloading 0 native plugins for Editor in 0.00 ms.
Unloading 1075 Unused Serialized files (Serialized files now loaded: 0)
System memory in use before: 59.5 MB.
System memory in use after: 59.6 MB.

Unloading 4 unused Assets to reduce memory usage. Loaded Objects now: 1535.
Total: 1.568200 ms (FindLiveObjects: 0.149500 ms CreateObjectMapping: 0.030000 ms MarkObjects: 1.376700 ms  DeleteObjects: 0.011400 ms)

========================================================================
Received Prepare
Registering precompiled user dll's ...
Registered in 0.001085 seconds.
Begin MonoManager ReloadAssembly
Native extension for WindowsStandalone target not found
Refreshing native plugins compatible for Editor in 0.23 ms, found 0 plugins.
Preloading 0 native plugins for Editor in 0.00 ms.
Invoked RoslynAnalysisRunner static constructor.
RoslynAnalysisRunner will not be running.
RoslynAnalysisRunner has terminated.
Mono: successfully reloaded assembly
- Completed reload, in  0.867 seconds
Platform modules already initialized, skipping
Refreshing native plugins compatible for Editor in 0.29 ms, found 0 plugins.
Preloading 0 native plugins for Editor in 0.00 ms.
Unloading 1075 Unused Serialized files (Serialized files now loaded: 0)
System memory in use before: 59.5 MB.
System memory in use after: 59.6 MB.

Unloading 4 unused Assets to reduce memory usage. Loaded Objects now: 1537.
Total: 1.665100 ms (FindLiveObjects: 0.213500 ms CreateObjectMapping: 0.049900 ms MarkObjects: 1.387000 ms  DeleteObjects: 0.013800 ms)

========================================================================
Received Prepare
Registering precompiled user dll's ...
Registered in 0.000602 seconds.
Begin MonoManager ReloadAssembly
Native extension for WindowsStandalone target not found
Refreshing native plugins compatible for Editor in 0.18 ms, found 0 plugins.
Preloading 0 native plugins for Editor in 0.00 ms.
Invoked RoslynAnalysisRunner static constructor.
RoslynAnalysisRunner will not be running.
RoslynAnalysisRunner has terminated.
Mono: successfully reloaded assembly
- Completed reload, in  0.651 seconds
Platform modules already initialized, skipping
Refreshing native plugins compatible for Editor in 0.19 ms, found 0 plugins.
Preloading 0 native plugins for Editor in 0.00 ms.
Unloading 1075 Unused Serialized files (Serialized files now loaded: 0)
System memory in use before: 59.5 MB.
System memory in use after: 59.6 MB.

Unloading 4 unused Assets to reduce memory usage. Loaded Objects now: 1539.
Total: 1.651500 ms (FindLiveObjects: 0.172800 ms CreateObjectMapping: 0.034600 ms MarkObjects: 1.430400 ms  DeleteObjects: 0.013000 ms)

========================================================================
Received Prepare
Registering precompiled user dll's ...
Registered in 0.000731 seconds.
Begin MonoManager ReloadAssembly
Native extension for WindowsStandalone target not found
Refreshing native plugins compatible for Editor in 0.35 ms, found 0 plugins.
Preloading 0 native plugins for Editor in 0.00 ms.
Invoked RoslynAnalysisRunner static constructor.
RoslynAnalysisRunner will not be running.
RoslynAnalysisRunner has terminated.
Mono: successfully reloaded assembly
- Completed reload, in  1.051 seconds
Platform modules already initialized, skipping
Refreshing native plugins compatible for Editor in 0.22 ms, found 0 plugins.
Preloading 0 native plugins for Editor in 0.00 ms.
Unloading 1075 Unused Serialized files (Serialized files now loaded: 0)
System memory in use before: 59.5 MB.
System memory in use after: 59.6 MB.

Unloading 4 unused Assets to reduce memory usage. Loaded Objects now: 1541.
Total: 2.170500 ms (FindLiveObjects: 0.214000 ms CreateObjectMapping: 0.050500 ms MarkObjects: 1.884500 ms  DeleteObjects: 0.020000 ms)

========================================================================
Received Prepare
Registering precompiled user dll's ...
Registered in 0.000551 seconds.
Begin MonoManager ReloadAssembly
Native extension for WindowsStandalone target not found
Refreshing native plugins compatible for Editor in 0.17 ms, found 0 plugins.
Preloading 0 native plugins for Editor in 0.00 ms.
Invoked RoslynAnalysisRunner static constructor.
RoslynAnalysisRunner will not be running.
RoslynAnalysisRunner has terminated.
Mono: successfully reloaded assembly
- Completed reload, in  0.666 seconds
Platform modules already initialized, skipping
Refreshing native plugins compatible for Editor in 0.21 ms, found 0 plugins.
Preloading 0 native plugins for Editor in 0.00 ms.
Unloading 1075 Unused Serialized files (Serialized files now loaded: 0)
System memory in use before: 59.5 MB.
System memory in use after: 59.6 MB.

Unloading 4 unused Assets to reduce memory usage. Loaded Objects now: 1543.
Total: 1.590200 ms (FindLiveObjects: 0.145400 ms CreateObjectMapping: 0.034700 ms MarkObjects: 1.395700 ms  DeleteObjects: 0.013000 ms)

========================================================================
Received Prepare
Registering precompiled user dll's ...
Registered in 0.000903 seconds.
Begin MonoManager ReloadAssembly
Native extension for WindowsStandalone target not found
Refreshing native plugins compatible for Editor in 0.31 ms, found 0 plugins.
Preloading 0 native plugins for Editor in 0.00 ms.
Invoked RoslynAnalysisRunner static constructor.
RoslynAnalysisRunner will not be running.
RoslynAnalysisRunner has terminated.
Mono: successfully reloaded assembly
- Completed reload, in  1.038 seconds
Platform modules already initialized, skipping
Refreshing native plugins compatible for Editor in 0.22 ms, found 0 plugins.
Preloading 0 native plugins for Editor in 0.00 ms.
Unloading 1075 Unused Serialized files (Serialized files now loaded: 0)
System memory in use before: 59.5 MB.
System memory in use after: 59.6 MB.

Unloading 4 unused Assets to reduce memory usage. Loaded Objects now: 1545.
Total: 1.855100 ms (FindLiveObjects: 0.209500 ms CreateObjectMapping: 0.052700 ms MarkObjects: 1.574600 ms  DeleteObjects: 0.016700 ms)

========================================================================
Received Import Request.
  Time since last request: 2296.798115 seconds.
  path: Assets/BluePrefab.prefab
  artifactKey: Guid(89f13005edbe7dd48a1ac9ae735fa087) Importer(815301076,1909f56bfc062723c751e8b465ee728b)
Start importing Assets/BluePrefab.prefab using Guid(89f13005edbe7dd48a1ac9ae735fa087) Importer(815301076,1909f56bfc062723c751e8b465ee728b)  -> (artifact id: 'e813e7c99e1567a9a8612ccc60f47fe2') in 0.058936 seconds
  Import took 0.061386 seconds .

========================================================================
Received Import Request.
  Time since last request: 0.000338 seconds.
  path: Assets/RedPrefab.prefab
  artifactKey: Guid(d42136eaf1caeff4984c46c2e8b6f7d3) Importer(815301076,1909f56bfc062723c751e8b465ee728b)
Start importing Assets/RedPrefab.prefab using Guid(d42136eaf1caeff4984c46c2e8b6f7d3) Importer(815301076,1909f56bfc062723c751e8b465ee728b)  -> (artifact id: '62a83edb97cd3f9368872a7170ca720d') in 0.019814 seconds
  Import took 0.021760 seconds .

========================================================================
Received Import Request.
  Time since last request: 0.002888 seconds.
  path: Assets/RedPrefab.prefab
  artifactKey: Guid(d42136eaf1caeff4984c46c2e8b6f7d3) Importer(815301076,1909f56bfc062723c751e8b465ee728b)
Start importing Assets/RedPrefab.prefab using Guid(d42136eaf1caeff4984c46c2e8b6f7d3) Importer(815301076,1909f56bfc062723c751e8b465ee728b)  -> (artifact id: '62a83edb97cd3f9368872a7170ca720d') in 0.012928 seconds
  Import took 0.015807 seconds .

========================================================================
Received Import Request.
  Time since last request: 247.441643 seconds.
  path: Assets/BluePrefab.prefab
  artifactKey: Guid(89f13005edbe7dd48a1ac9ae735fa087) Importer(815301076,1909f56bfc062723c751e8b465ee728b)
Start importing Assets/BluePrefab.prefab using Guid(89f13005edbe7dd48a1ac9ae735fa087) Importer(815301076,1909f56bfc062723c751e8b465ee728b)  -> (artifact id: '3ace7159ba2433ba096aa32306769049') in 0.014128 seconds
  Import took 0.016109 seconds .

========================================================================
Received Import Request.
  Time since last request: 13.661057 seconds.
  path: Assets/RedPrefab.prefab
  artifactKey: Guid(d42136eaf1caeff4984c46c2e8b6f7d3) Importer(815301076,1909f56bfc062723c751e8b465ee728b)
Start importing Assets/RedPrefab.prefab using Guid(d42136eaf1caeff4984c46c2e8b6f7d3) Importer(815301076,1909f56bfc062723c751e8b465ee728b)  -> (artifact id: '1299a53041d9440890df78203e89d41f') in 0.016468 seconds
  Import took 0.018309 seconds .

========================================================================
Received Prepare
Registering precompiled user dll's ...
Registered in 0.000671 seconds.
Begin MonoManager ReloadAssembly
Native extension for WindowsStandalone target not found
Refreshing native plugins compatible for Editor in 0.17 ms, found 0 plugins.
Preloading 0 native plugins for Editor in 0.00 ms.
Invoked RoslynAnalysisRunner static constructor.
RoslynAnalysisRunner will not be running.
RoslynAnalysisRunner has terminated.
Mono: successfully reloaded assembly
- Completed reload, in  0.633 seconds
Platform modules already initialized, skipping
Refreshing native plugins compatible for Editor in 0.23 ms, found 0 plugins.
Preloading 0 native plugins for Editor in 0.00 ms.
Unloading 1075 Unused Serialized files (Serialized files now loaded: 0)
System memory in use before: 59.5 MB.
System memory in use after: 59.6 MB.

Unloading 4 unused Assets to reduce memory usage. Loaded Objects now: 1548.
Total: 1.565500 ms (FindLiveObjects: 0.182400 ms CreateObjectMapping: 0.049700 ms MarkObjects: 1.293400 ms  DeleteObjects: 0.038700 ms)

========================================================================
Received Prepare
Registering precompiled user dll's ...
Registered in 0.000556 seconds.
Begin MonoManager ReloadAssembly
Native extension for WindowsStandalone target not found
Refreshing native plugins compatible for Editor in 0.18 ms, found 0 plugins.
Preloading 0 native plugins for Editor in 0.00 ms.
Invoked RoslynAnalysisRunner static constructor.
RoslynAnalysisRunner will not be running.
RoslynAnalysisRunner has terminated.
Mono: successfully reloaded assembly
- Completed reload, in  0.657 seconds
Platform modules already initialized, skipping
Refreshing native plugins compatible for Editor in 0.21 ms, found 0 plugins.
Preloading 0 native plugins for Editor in 0.00 ms.
Unloading 1075 Unused Serialized files (Serialized files now loaded: 0)
System memory in use before: 59.5 MB.
System memory in use after: 59.6 MB.

Unloading 4 unused Assets to reduce memory usage. Loaded Objects now: 1550.
Total: 1.542600 ms (FindLiveObjects: 0.119000 ms CreateObjectMapping: 0.033000 ms MarkObjects: 1.374600 ms  DeleteObjects: 0.014600 ms)

========================================================================
Received Prepare
Registering precompiled user dll's ...
Registered in 0.000608 seconds.
Begin MonoManager ReloadAssembly
Native extension for WindowsStandalone target not found
Refreshing native plugins compatible for Editor in 0.18 ms, found 0 plugins.
Preloading 0 native plugins for Editor in 0.00 ms.
Invoked RoslynAnalysisRunner static constructor.
RoslynAnalysisRunner will not be running.
RoslynAnalysisRunner has terminated.
Mono: successfully reloaded assembly
- Completed reload, in  0.651 seconds
Platform modules already initialized, skipping
Refreshing native plugins compatible for Editor in 0.19 ms, found 0 plugins.
Preloading 0 native plugins for Editor in 0.00 ms.
Unloading 1075 Unused Serialized files (Serialized files now loaded: 0)
System memory in use before: 59.5 MB.
System memory in use after: 59.6 MB.

Unloading 4 unused Assets to reduce memory usage. Loaded Objects now: 1552.
Total: 1.853400 ms (FindLiveObjects: 0.229100 ms CreateObjectMapping: 0.048300 ms MarkObjects: 1.562800 ms  DeleteObjects: 0.012200 ms)

========================================================================
Received Prepare
Registering precompiled user dll's ...
Registered in 0.000593 seconds.
Begin MonoManager ReloadAssembly
Native extension for WindowsStandalone target not found
Refreshing native plugins compatible for Editor in 0.27 ms, found 0 plugins.
Preloading 0 native plugins for Editor in 0.00 ms.
Invoked RoslynAnalysisRunner static constructor.
RoslynAnalysisRunner will not be running.
RoslynAnalysisRunner has terminated.
Mono: successfully reloaded assembly
- Completed reload, in  0.778 seconds
Platform modules already initialized, skipping
Refreshing native plugins compatible for Editor in 0.19 ms, found 0 plugins.
Preloading 0 native plugins for Editor in 0.00 ms.
Unloading 1075 Unused Serialized files (Serialized files now loaded: 0)
System memory in use before: 59.6 MB.
System memory in use after: 59.7 MB.

Unloading 4 unused Assets to reduce memory usage. Loaded Objects now: 1554.
Total: 1.810200 ms (FindLiveObjects: 0.219000 ms CreateObjectMapping: 0.063200 ms MarkObjects: 1.515200 ms  DeleteObjects: 0.011700 ms)

========================================================================
Received Prepare
Registering precompiled user dll's ...
Registered in 0.001389 seconds.
Begin MonoManager ReloadAssembly
Native extension for WindowsStandalone target not found
Refreshing native plugins compatible for Editor in 0.24 ms, found 0 plugins.
Preloading 0 native plugins for Editor in 0.00 ms.
Invoked RoslynAnalysisRunner static constructor.
RoslynAnalysisRunner will not be running.
RoslynAnalysisRunner has terminated.
Mono: successfully reloaded assembly
- Completed reload, in  0.785 seconds
Platform modules already initialized, skipping
Refreshing native plugins compatible for Editor in 0.19 ms, found 0 plugins.
Preloading 0 native plugins for Editor in 0.00 ms.
Unloading 1075 Unused Serialized files (Serialized files now loaded: 0)
System memory in use before: 59.6 MB.
System memory in use after: 59.7 MB.

Unloading 4 unused Assets to reduce memory usage. Loaded Objects now: 1556.
Total: 1.574800 ms (FindLiveObjects: 0.126000 ms CreateObjectMapping: 0.029700 ms MarkObjects: 1.407300 ms  DeleteObjects: 0.010700 ms)

========================================================================
Received Import Request.
  Time since last request: 529.162421 seconds.
  path: Assets/RedPrefab.prefab
  artifactKey: Guid(d42136eaf1caeff4984c46c2e8b6f7d3) Importer(815301076,1909f56bfc062723c751e8b465ee728b)
Start importing Assets/RedPrefab.prefab using Guid(d42136eaf1caeff4984c46c2e8b6f7d3) Importer(815301076,1909f56bfc062723c751e8b465ee728b)  -> (artifact id: '5457cf3d8fc1f0b176c37c9404725d4b') in 0.056626 seconds
  Import took 0.058597 seconds .

========================================================================
Received Import Request.
  Time since last request: 0.000337 seconds.
  path: Assets/BluePrefab.prefab
  artifactKey: Guid(89f13005edbe7dd48a1ac9ae735fa087) Importer(815301076,1909f56bfc062723c751e8b465ee728b)
Start importing Assets/BluePrefab.prefab using Guid(89f13005edbe7dd48a1ac9ae735fa087) Importer(815301076,1909f56bfc062723c751e8b465ee728b)  -> (artifact id: '8f3004862fe6ce933a4fcb3bc4ae194a') in 0.012208 seconds
  Import took 0.014346 seconds .

========================================================================
Received Prepare
Registering precompiled user dll's ...
Registered in 0.000576 seconds.
Begin MonoManager ReloadAssembly
Native extension for WindowsStandalone target not found
Refreshing native plugins compatible for Editor in 0.18 ms, found 0 plugins.
Preloading 0 native plugins for Editor in 0.00 ms.
Invoked RoslynAnalysisRunner static constructor.
RoslynAnalysisRunner will not be running.
RoslynAnalysisRunner has terminated.
Mono: successfully reloaded assembly
- Completed reload, in  0.759 seconds
Platform modules already initialized, skipping
Refreshing native plugins compatible for Editor in 0.28 ms, found 0 plugins.
Preloading 0 native plugins for Editor in 0.00 ms.
Unloading 1075 Unused Serialized files (Serialized files now loaded: 0)
System memory in use before: 59.6 MB.
System memory in use after: 59.7 MB.

Unloading 4 unused Assets to reduce memory usage. Loaded Objects now: 1559.
Total: 1.482500 ms (FindLiveObjects: 0.111600 ms CreateObjectMapping: 0.028700 ms MarkObjects: 1.330900 ms  DeleteObjects: 0.010600 ms)

========================================================================
Received Prepare
Registering precompiled user dll's ...
Registered in 0.001245 seconds.
Begin MonoManager ReloadAssembly
Native extension for WindowsStandalone target not found
Refreshing native plugins compatible for Editor in 0.28 ms, found 0 plugins.
Preloading 0 native plugins for Editor in 0.00 ms.
Invoked RoslynAnalysisRunner static constructor.
RoslynAnalysisRunner will not be running.
RoslynAnalysisRunner has terminated.
Mono: successfully reloaded assembly
- Completed reload, in  0.763 seconds
Platform modules already initialized, skipping
Refreshing native plugins compatible for Editor in 0.27 ms, found 0 plugins.
Preloading 0 native plugins for Editor in 0.00 ms.
Unloading 1075 Unused Serialized files (Serialized files now loaded: 0)
System memory in use before: 59.6 MB.
System memory in use after: 59.7 MB.

Unloading 4 unused Assets to reduce memory usage. Loaded Objects now: 1561.
Total: 2.694800 ms (FindLiveObjects: 0.290400 ms CreateObjectMapping: 0.163800 ms MarkObjects: 2.188100 ms  DeleteObjects: 0.030600 ms)

AssetImportWorkerClient::OnTransportError - code=2 error=End of file
